  Space-Shooter-Project.cpp
C:\Users\PC\source\repos\Space-Shooter-Project\Space-Shooter-Project\Space-Shooter-Project.cpp(118,12): error C2374: 'window_height': redefinition; multiple initialization
      C:\Users\PC\source\repos\Space-Shooter-Project\Space-Shooter-Project\Space-Shooter-Project.cpp(9,11):
      see declaration of 'window_height'
  
C:\Users\PC\source\repos\Space-Shooter-Project\Space-Shooter-Project\Space-Shooter-Project.cpp(118,12): error C2086: 'const int window_height': redefinition
      C:\Users\PC\source\repos\Space-Shooter-Project\Space-Shooter-Project\Space-Shooter-Project.cpp(9,11):
      see declaration of 'window_height'
  
C:\Users\PC\source\repos\Space-Shooter-Project\Space-Shooter-Project\Space-Shooter-Project.cpp(119,12): error C2374: 'window_width': redefinition; multiple initialization
      C:\Users\PC\source\repos\Space-Shooter-Project\Space-Shooter-Project\Space-Shooter-Project.cpp(10,11):
      see declaration of 'window_width'
  
C:\Users\PC\source\repos\Space-Shooter-Project\Space-Shooter-Project\Space-Shooter-Project.cpp(119,12): error C2086: 'const int window_width': redefinition
      C:\Users\PC\source\repos\Space-Shooter-Project\Space-Shooter-Project\Space-Shooter-Project.cpp(10,11):
      see declaration of 'window_width'
  
C:\Users\PC\source\repos\Space-Shooter-Project\Space-Shooter-Project\Space-Shooter-Project.cpp(120,12): error C2374: 'star_count': redefinition; multiple initialization
      C:\Users\PC\source\repos\Space-Shooter-Project\Space-Shooter-Project\Space-Shooter-Project.cpp(11,11):
      see declaration of 'star_count'
  
C:\Users\PC\source\repos\Space-Shooter-Project\Space-Shooter-Project\Space-Shooter-Project.cpp(120,12): error C2086: 'const int star_count': redefinition
      C:\Users\PC\source\repos\Space-Shooter-Project\Space-Shooter-Project\Space-Shooter-Project.cpp(11,11):
      see declaration of 'star_count'
  
C:\Users\PC\source\repos\Space-Shooter-Project\Space-Shooter-Project\Space-Shooter-Project.cpp(121,12): error C2374: 'max_boss_lasers': redefinition; multiple initialization
      C:\Users\PC\source\repos\Space-Shooter-Project\Space-Shooter-Project\Space-Shooter-Project.cpp(12,11):
      see declaration of 'max_boss_lasers'
  
C:\Users\PC\source\repos\Space-Shooter-Project\Space-Shooter-Project\Space-Shooter-Project.cpp(121,12): error C2086: 'const int max_boss_lasers': redefinition
      C:\Users\PC\source\repos\Space-Shooter-Project\Space-Shooter-Project\Space-Shooter-Project.cpp(12,11):
      see declaration of 'max_boss_lasers'
  
C:\Users\PC\source\repos\Space-Shooter-Project\Space-Shooter-Project\Space-Shooter-Project.cpp(122,12): error C2374: 'max_lasers': redefinition; multiple initialization
      C:\Users\PC\source\repos\Space-Shooter-Project\Space-Shooter-Project\Space-Shooter-Project.cpp(13,11):
      see declaration of 'max_lasers'
  
C:\Users\PC\source\repos\Space-Shooter-Project\Space-Shooter-Project\Space-Shooter-Project.cpp(122,12): error C2086: 'const int max_lasers': redefinition
      C:\Users\PC\source\repos\Space-Shooter-Project\Space-Shooter-Project\Space-Shooter-Project.cpp(13,11):
      see declaration of 'max_lasers'
  
C:\Users\PC\source\repos\Space-Shooter-Project\Space-Shooter-Project\Space-Shooter-Project.cpp(123,12): error C2374: 'max_enemies': redefinition; multiple initialization
      C:\Users\PC\source\repos\Space-Shooter-Project\Space-Shooter-Project\Space-Shooter-Project.cpp(14,11):
      see declaration of 'max_enemies'
  
C:\Users\PC\source\repos\Space-Shooter-Project\Space-Shooter-Project\Space-Shooter-Project.cpp(123,12): error C2086: 'const int max_enemies': redefinition
      C:\Users\PC\source\repos\Space-Shooter-Project\Space-Shooter-Project\Space-Shooter-Project.cpp(14,11):
      see declaration of 'max_enemies'
  
C:\Users\PC\source\repos\Space-Shooter-Project\Space-Shooter-Project\Space-Shooter-Project.cpp(124,12): error C2374: 'explosion_frames_number': redefinition; multiple initialization
      C:\Users\PC\source\repos\Space-Shooter-Project\Space-Shooter-Project\Space-Shooter-Project.cpp(15,11):
      see declaration of 'explosion_frames_number'
  
C:\Users\PC\source\repos\Space-Shooter-Project\Space-Shooter-Project\Space-Shooter-Project.cpp(124,12): error C2086: 'const int explosion_frames_number': redefinition
      C:\Users\PC\source\repos\Space-Shooter-Project\Space-Shooter-Project\Space-Shooter-Project.cpp(15,11):
      see declaration of 'explosion_frames_number'
  
C:\Users\PC\source\repos\Space-Shooter-Project\Space-Shooter-Project\Space-Shooter-Project.cpp(125,12): error C2374: 'max_explosions': redefinition; multiple initialization
      C:\Users\PC\source\repos\Space-Shooter-Project\Space-Shooter-Project\Space-Shooter-Project.cpp(16,11):
      see declaration of 'max_explosions'
  
C:\Users\PC\source\repos\Space-Shooter-Project\Space-Shooter-Project\Space-Shooter-Project.cpp(125,12): error C2086: 'const int max_explosions': redefinition
      C:\Users\PC\source\repos\Space-Shooter-Project\Space-Shooter-Project\Space-Shooter-Project.cpp(16,11):
      see declaration of 'max_explosions'
  
C:\Users\PC\source\repos\Space-Shooter-Project\Space-Shooter-Project\Space-Shooter-Project.cpp(127,12): error C2374: 'state_title': redefinition; multiple initialization
      C:\Users\PC\source\repos\Space-Shooter-Project\Space-Shooter-Project\Space-Shooter-Project.cpp(18,11):
      see declaration of 'state_title'
  
C:\Users\PC\source\repos\Space-Shooter-Project\Space-Shooter-Project\Space-Shooter-Project.cpp(127,12): error C2086: 'const int state_title': redefinition
      C:\Users\PC\source\repos\Space-Shooter-Project\Space-Shooter-Project\Space-Shooter-Project.cpp(18,11):
      see declaration of 'state_title'
  
C:\Users\PC\source\repos\Space-Shooter-Project\Space-Shooter-Project\Space-Shooter-Project.cpp(128,12): error C2374: 'state_instructions': redefinition; multiple initialization
      C:\Users\PC\source\repos\Space-Shooter-Project\Space-Shooter-Project\Space-Shooter-Project.cpp(19,11):
      see declaration of 'state_instructions'
  
C:\Users\PC\source\repos\Space-Shooter-Project\Space-Shooter-Project\Space-Shooter-Project.cpp(128,12): error C2086: 'const int state_instructions': redefinition
      C:\Users\PC\source\repos\Space-Shooter-Project\Space-Shooter-Project\Space-Shooter-Project.cpp(19,11):
      see declaration of 'state_instructions'
  
C:\Users\PC\source\repos\Space-Shooter-Project\Space-Shooter-Project\Space-Shooter-Project.cpp(129,12): error C2374: 'State_paused': redefinition; multiple initialization
      C:\Users\PC\source\repos\Space-Shooter-Project\Space-Shooter-Project\Space-Shooter-Project.cpp(20,11):
      see declaration of 'State_paused'
  
C:\Users\PC\source\repos\Space-Shooter-Project\Space-Shooter-Project\Space-Shooter-Project.cpp(129,12): error C2086: 'const int State_paused': redefinition
      C:\Users\PC\source\repos\Space-Shooter-Project\Space-Shooter-Project\Space-Shooter-Project.cpp(20,11):
      see declaration of 'State_paused'
  
C:\Users\PC\source\repos\Space-Shooter-Project\Space-Shooter-Project\Space-Shooter-Project.cpp(130,12): error C2374: 'state_game_over': redefinition; multiple initialization
      C:\Users\PC\source\repos\Space-Shooter-Project\Space-Shooter-Project\Space-Shooter-Project.cpp(21,11):
      see declaration of 'state_game_over'
  
C:\Users\PC\source\repos\Space-Shooter-Project\Space-Shooter-Project\Space-Shooter-Project.cpp(130,12): error C2086: 'const int state_game_over': redefinition
      C:\Users\PC\source\repos\Space-Shooter-Project\Space-Shooter-Project\Space-Shooter-Project.cpp(21,11):
      see declaration of 'state_game_over'
  
C:\Users\PC\source\repos\Space-Shooter-Project\Space-Shooter-Project\Space-Shooter-Project.cpp(131,12): error C2374: 'state_game_won': redefinition; multiple initialization
      C:\Users\PC\source\repos\Space-Shooter-Project\Space-Shooter-Project\Space-Shooter-Project.cpp(22,11):
      see declaration of 'state_game_won'
  
C:\Users\PC\source\repos\Space-Shooter-Project\Space-Shooter-Project\Space-Shooter-Project.cpp(131,12): error C2086: 'const int state_game_won': redefinition
      C:\Users\PC\source\repos\Space-Shooter-Project\Space-Shooter-Project\Space-Shooter-Project.cpp(22,11):
      see declaration of 'state_game_won'
  
C:\Users\PC\source\repos\Space-Shooter-Project\Space-Shooter-Project\Space-Shooter-Project.cpp(133,12): error C2374: 'Transition_none': redefinition; multiple initialization
      C:\Users\PC\source\repos\Space-Shooter-Project\Space-Shooter-Project\Space-Shooter-Project.cpp(24,11):
      see declaration of 'Transition_none'
  
C:\Users\PC\source\repos\Space-Shooter-Project\Space-Shooter-Project\Space-Shooter-Project.cpp(133,12): error C2086: 'const int Transition_none': redefinition
      C:\Users\PC\source\repos\Space-Shooter-Project\Space-Shooter-Project\Space-Shooter-Project.cpp(24,11):
      see declaration of 'Transition_none'
  
C:\Users\PC\source\repos\Space-Shooter-Project\Space-Shooter-Project\Space-Shooter-Project.cpp(134,12): error C2374: 'Transition_at_gamestart': redefinition; multiple initialization
      C:\Users\PC\source\repos\Space-Shooter-Project\Space-Shooter-Project\Space-Shooter-Project.cpp(25,11):
      see declaration of 'Transition_at_gamestart'
  
C:\Users\PC\source\repos\Space-Shooter-Project\Space-Shooter-Project\Space-Shooter-Project.cpp(134,12): error C2086: 'const int Transition_at_gamestart': redefinition
      C:\Users\PC\source\repos\Space-Shooter-Project\Space-Shooter-Project\Space-Shooter-Project.cpp(25,11):
      see declaration of 'Transition_at_gamestart'
  
C:\Users\PC\source\repos\Space-Shooter-Project\Space-Shooter-Project\Space-Shooter-Project.cpp(135,12): error C2374: 'Transition_to_instructions': redefinition; multiple initialization
      C:\Users\PC\source\repos\Space-Shooter-Project\Space-Shooter-Project\Space-Shooter-Project.cpp(26,11):
      see declaration of 'Transition_to_instructions'
  
C:\Users\PC\source\repos\Space-Shooter-Project\Space-Shooter-Project\Space-Shooter-Project.cpp(135,12): error C2086: 'const int Transition_to_instructions': redefinition
      C:\Users\PC\source\repos\Space-Shooter-Project\Space-Shooter-Project\Space-Shooter-Project.cpp(26,11):
      see declaration of 'Transition_to_instructions'
  
C:\Users\PC\source\repos\Space-Shooter-Project\Space-Shooter-Project\Space-Shooter-Project.cpp(136,12): error C2374: 'Transition_to_title': redefinition; multiple initialization
      C:\Users\PC\source\repos\Space-Shooter-Project\Space-Shooter-Project\Space-Shooter-Project.cpp(27,11):
      see declaration of 'Transition_to_title'
  
C:\Users\PC\source\repos\Space-Shooter-Project\Space-Shooter-Project\Space-Shooter-Project.cpp(136,12): error C2086: 'const int Transition_to_title': redefinition
      C:\Users\PC\source\repos\Space-Shooter-Project\Space-Shooter-Project\Space-Shooter-Project.cpp(27,11):
      see declaration of 'Transition_to_title'
  
C:\Users\PC\source\repos\Space-Shooter-Project\Space-Shooter-Project\Space-Shooter-Project.cpp(137,12): error C2374: 'Transition_to_resume': redefinition; multiple initialization
      C:\Users\PC\source\repos\Space-Shooter-Project\Space-Shooter-Project\Space-Shooter-Project.cpp(28,11):
      see declaration of 'Transition_to_resume'
  
C:\Users\PC\source\repos\Space-Shooter-Project\Space-Shooter-Project\Space-Shooter-Project.cpp(137,12): error C2086: 'const int Transition_to_resume': redefinition
      C:\Users\PC\source\repos\Space-Shooter-Project\Space-Shooter-Project\Space-Shooter-Project.cpp(28,11):
      see declaration of 'Transition_to_resume'
  
C:\Users\PC\source\repos\Space-Shooter-Project\Space-Shooter-Project\Space-Shooter-Project.cpp(138,12): error C2374: 'Transition_quit_to_title': redefinition; multiple initialization
      C:\Users\PC\source\repos\Space-Shooter-Project\Space-Shooter-Project\Space-Shooter-Project.cpp(29,11):
      see declaration of 'Transition_quit_to_title'
  
C:\Users\PC\source\repos\Space-Shooter-Project\Space-Shooter-Project\Space-Shooter-Project.cpp(138,12): error C2086: 'const int Transition_quit_to_title': redefinition
      C:\Users\PC\source\repos\Space-Shooter-Project\Space-Shooter-Project\Space-Shooter-Project.cpp(29,11):
      see declaration of 'Transition_quit_to_title'
  
C:\Users\PC\source\repos\Space-Shooter-Project\Space-Shooter-Project\Space-Shooter-Project.cpp(140,9): error C2011: 'star': 'struct' type redefinition
      C:\Users\PC\source\repos\Space-Shooter-Project\Space-Shooter-Project\Space-Shooter-Project.cpp(31,8):
      see declaration of 'star'
  
C:\Users\PC\source\repos\Space-Shooter-Project\Space-Shooter-Project\Space-Shooter-Project.cpp(146,9): error C2011: 'Spaceship': 'struct' type redefinition
      C:\Users\PC\source\repos\Space-Shooter-Project\Space-Shooter-Project\Space-Shooter-Project.cpp(37,8):
      see declaration of 'Spaceship'
  
C:\Users\PC\source\repos\Space-Shooter-Project\Space-Shooter-Project\Space-Shooter-Project.cpp(151,9): error C2011: 'Laser': 'struct' type redefinition
      C:\Users\PC\source\repos\Space-Shooter-Project\Space-Shooter-Project\Space-Shooter-Project.cpp(42,8):
      see declaration of 'Laser'
  
C:\Users\PC\source\repos\Space-Shooter-Project\Space-Shooter-Project\Space-Shooter-Project.cpp(156,9): error C2011: 'BossLaser': 'struct' type redefinition
      C:\Users\PC\source\repos\Space-Shooter-Project\Space-Shooter-Project\Space-Shooter-Project.cpp(47,8):
      see declaration of 'BossLaser'
  
C:\Users\PC\source\repos\Space-Shooter-Project\Space-Shooter-Project\Space-Shooter-Project.cpp(162,9): error C2011: 'Enemy': 'struct' type redefinition
      C:\Users\PC\source\repos\Space-Shooter-Project\Space-Shooter-Project\Space-Shooter-Project.cpp(53,8):
      see declaration of 'Enemy'
  
C:\Users\PC\source\repos\Space-Shooter-Project\Space-Shooter-Project\Space-Shooter-Project.cpp(170,9): error C2011: 'Boss': 'struct' type redefinition
      C:\Users\PC\source\repos\Space-Shooter-Project\Space-Shooter-Project\Space-Shooter-Project.cpp(61,8):
      see declaration of 'Boss'
  
C:\Users\PC\source\repos\Space-Shooter-Project\Space-Shooter-Project\Space-Shooter-Project.cpp(181,9): error C2011: 'Explosion': 'struct' type redefinition
      C:\Users\PC\source\repos\Space-Shooter-Project\Space-Shooter-Project\Space-Shooter-Project.cpp(72,8):
      see declaration of 'Explosion'
  
C:\Users\PC\source\repos\Space-Shooter-Project\Space-Shooter-Project\Space-Shooter-Project.cpp(188,6): error C2374: 'score': redefinition; multiple initialization
      C:\Users\PC\source\repos\Space-Shooter-Project\Space-Shooter-Project\Space-Shooter-Project.cpp(81,5):
      see declaration of 'score'
  
C:\Users\PC\source\repos\Space-Shooter-Project\Space-Shooter-Project\Space-Shooter-Project.cpp(188,6): error C2086: 'int score': redefinition
      C:\Users\PC\source\repos\Space-Shooter-Project\Space-Shooter-Project\Space-Shooter-Project.cpp(81,5):
      see declaration of 'score'
  
C:\Users\PC\source\repos\Space-Shooter-Project\Space-Shooter-Project\Space-Shooter-Project.cpp(188,17): error C2374: 'highScore': redefinition; multiple initialization
      C:\Users\PC\source\repos\Space-Shooter-Project\Space-Shooter-Project\Space-Shooter-Project.cpp(81,16):
      see declaration of 'highScore'
  
C:\Users\PC\source\repos\Space-Shooter-Project\Space-Shooter-Project\Space-Shooter-Project.cpp(188,17): error C2086: 'int highScore': redefinition
      C:\Users\PC\source\repos\Space-Shooter-Project\Space-Shooter-Project\Space-Shooter-Project.cpp(81,16):
      see declaration of 'highScore'
  
C:\Users\PC\source\repos\Space-Shooter-Project\Space-Shooter-Project\Space-Shooter-Project.cpp(188,32): error C2374: 'level': redefinition; multiple initialization
      C:\Users\PC\source\repos\Space-Shooter-Project\Space-Shooter-Project\Space-Shooter-Project.cpp(81,31):
      see declaration of 'level'
  
C:\Users\PC\source\repos\Space-Shooter-Project\Space-Shooter-Project\Space-Shooter-Project.cpp(188,32): error C2086: 'int level': redefinition
      C:\Users\PC\source\repos\Space-Shooter-Project\Space-Shooter-Project\Space-Shooter-Project.cpp(81,31):
      see declaration of 'level'
  
C:\Users\PC\source\repos\Space-Shooter-Project\Space-Shooter-Project\Space-Shooter-Project.cpp(188,43): error C2374: 'lives': redefinition; multiple initialization
      C:\Users\PC\source\repos\Space-Shooter-Project\Space-Shooter-Project\Space-Shooter-Project.cpp(81,42):
      see declaration of 'lives'
  
C:\Users\PC\source\repos\Space-Shooter-Project\Space-Shooter-Project\Space-Shooter-Project.cpp(188,43): error C2086: 'int lives': redefinition
      C:\Users\PC\source\repos\Space-Shooter-Project\Space-Shooter-Project\Space-Shooter-Project.cpp(81,42):
      see declaration of 'lives'
  
C:\Users\PC\source\repos\Space-Shooter-Project\Space-Shooter-Project\Space-Shooter-Project.cpp(189,7): error C2374: 'gameRunning': redefinition; multiple initialization
      C:\Users\PC\source\repos\Space-Shooter-Project\Space-Shooter-Project\Space-Shooter-Project.cpp(82,6):
      see declaration of 'gameRunning'
  
C:\Users\PC\source\repos\Space-Shooter-Project\Space-Shooter-Project\Space-Shooter-Project.cpp(189,7): error C2086: 'bool gameRunning': redefinition
      C:\Users\PC\source\repos\Space-Shooter-Project\Space-Shooter-Project\Space-Shooter-Project.cpp(82,6):
      see declaration of 'gameRunning'
  
C:\Users\PC\source\repos\Space-Shooter-Project\Space-Shooter-Project\Space-Shooter-Project.cpp(189,28): error C2374: 'inTransition': redefinition; multiple initialization
      C:\Users\PC\source\repos\Space-Shooter-Project\Space-Shooter-Project\Space-Shooter-Project.cpp(82,27):
      see declaration of 'inTransition'
  
C:\Users\PC\source\repos\Space-Shooter-Project\Space-Shooter-Project\Space-Shooter-Project.cpp(189,28): error C2086: 'bool inTransition': redefinition
      C:\Users\PC\source\repos\Space-Shooter-Project\Space-Shooter-Project\Space-Shooter-Project.cpp(82,27):
      see declaration of 'inTransition'
  
C:\Users\PC\source\repos\Space-Shooter-Project\Space-Shooter-Project\Space-Shooter-Project.cpp(189,50): error C2374: 'gameWon': redefinition; multiple initialization
      C:\Users\PC\source\repos\Space-Shooter-Project\Space-Shooter-Project\Space-Shooter-Project.cpp(82,49):
      see declaration of 'gameWon'
  
C:\Users\PC\source\repos\Space-Shooter-Project\Space-Shooter-Project\Space-Shooter-Project.cpp(189,50): error C2086: 'bool gameWon': redefinition
      C:\Users\PC\source\repos\Space-Shooter-Project\Space-Shooter-Project\Space-Shooter-Project.cpp(82,49):
      see declaration of 'gameWon'
  
C:\Users\PC\source\repos\Space-Shooter-Project\Space-Shooter-Project\Space-Shooter-Project.cpp(189,67): error C2374: 'exitGameRequest': redefinition; multiple initialization
      C:\Users\PC\source\repos\Space-Shooter-Project\Space-Shooter-Project\Space-Shooter-Project.cpp(82,66):
      see declaration of 'exitGameRequest'
  
C:\Users\PC\source\repos\Space-Shooter-Project\Space-Shooter-Project\Space-Shooter-Project.cpp(189,67): error C2086: 'bool exitGameRequest': redefinition
      C:\Users\PC\source\repos\Space-Shooter-Project\Space-Shooter-Project\Space-Shooter-Project.cpp(82,66):
      see declaration of 'exitGameRequest'
  
C:\Users\PC\source\repos\Space-Shooter-Project\Space-Shooter-Project\Space-Shooter-Project.cpp(190,8): error C2374: 'transitionTimer': redefinition; multiple initialization
      C:\Users\PC\source\repos\Space-Shooter-Project\Space-Shooter-Project\Space-Shooter-Project.cpp(83,7):
      see declaration of 'transitionTimer'
  
C:\Users\PC\source\repos\Space-Shooter-Project\Space-Shooter-Project\Space-Shooter-Project.cpp(190,8): error C2086: 'float transitionTimer': redefinition
      C:\Users\PC\source\repos\Space-Shooter-Project\Space-Shooter-Project\Space-Shooter-Project.cpp(83,7):
      see declaration of 'transitionTimer'
  
C:\Users\PC\source\repos\Space-Shooter-Project\Space-Shooter-Project\Space-Shooter-Project.cpp(190,32): error C2374: 'shootCooldown': redefinition; multiple initialization
      C:\Users\PC\source\repos\Space-Shooter-Project\Space-Shooter-Project\Space-Shooter-Project.cpp(83,31):
      see declaration of 'shootCooldown'
  
C:\Users\PC\source\repos\Space-Shooter-Project\Space-Shooter-Project\Space-Shooter-Project.cpp(190,32): error C2086: 'float shootCooldown': redefinition
      C:\Users\PC\source\repos\Space-Shooter-Project\Space-Shooter-Project\Space-Shooter-Project.cpp(83,31):
      see declaration of 'shootCooldown'
  
C:\Users\PC\source\repos\Space-Shooter-Project\Space-Shooter-Project\Space-Shooter-Project.cpp(190,54): error C2374: 'shootTimer': redefinition; multiple initialization
      C:\Users\PC\source\repos\Space-Shooter-Project\Space-Shooter-Project\Space-Shooter-Project.cpp(83,53):
      see declaration of 'shootTimer'
  
C:\Users\PC\source\repos\Space-Shooter-Project\Space-Shooter-Project\Space-Shooter-Project.cpp(190,54): error C2086: 'float shootTimer': redefinition
      C:\Users\PC\source\repos\Space-Shooter-Project\Space-Shooter-Project\Space-Shooter-Project.cpp(83,53):
      see declaration of 'shootTimer'
  
C:\Users\PC\source\repos\Space-Shooter-Project\Space-Shooter-Project\Space-Shooter-Project.cpp(190,73): error C2086: 'float frameWidth': redefinition
      C:\Users\PC\source\repos\Space-Shooter-Project\Space-Shooter-Project\Space-Shooter-Project.cpp(83,72):
      see declaration of 'frameWidth'
  
C:\Users\PC\source\repos\Space-Shooter-Project\Space-Shooter-Project\Space-Shooter-Project.cpp(191,7): error C2374: 'assistActive': redefinition; multiple initialization
      C:\Users\PC\source\repos\Space-Shooter-Project\Space-Shooter-Project\Space-Shooter-Project.cpp(84,6):
      see declaration of 'assistActive'
  
C:\Users\PC\source\repos\Space-Shooter-Project\Space-Shooter-Project\Space-Shooter-Project.cpp(191,7): error C2086: 'bool assistActive': redefinition
      C:\Users\PC\source\repos\Space-Shooter-Project\Space-Shooter-Project\Space-Shooter-Project.cpp(84,6):
      see declaration of 'assistActive'
  
C:\Users\PC\source\repos\Space-Shooter-Project\Space-Shooter-Project\Space-Shooter-Project.cpp(192,6): error C2374: 'enemies_to_Kill': redefinition; multiple initialization
      C:\Users\PC\source\repos\Space-Shooter-Project\Space-Shooter-Project\Space-Shooter-Project.cpp(85,5):
      see declaration of 'enemies_to_Kill'
  
C:\Users\PC\source\repos\Space-Shooter-Project\Space-Shooter-Project\Space-Shooter-Project.cpp(192,6): error C2086: 'int enemies_to_Kill': redefinition
      C:\Users\PC\source\repos\Space-Shooter-Project\Space-Shooter-Project\Space-Shooter-Project.cpp(85,5):
      see declaration of 'enemies_to_Kill'
  
C:\Users\PC\source\repos\Space-Shooter-Project\Space-Shooter-Project\Space-Shooter-Project.cpp(192,27): error C2374: 'enemies_killed': redefinition; multiple initialization
      C:\Users\PC\source\repos\Space-Shooter-Project\Space-Shooter-Project\Space-Shooter-Project.cpp(85,26):
      see declaration of 'enemies_killed'
  
C:\Users\PC\source\repos\Space-Shooter-Project\Space-Shooter-Project\Space-Shooter-Project.cpp(192,27): error C2086: 'int enemies_killed': redefinition
      C:\Users\PC\source\repos\Space-Shooter-Project\Space-Shooter-Project\Space-Shooter-Project.cpp(85,26):
      see declaration of 'enemies_killed'
  
C:\Users\PC\source\repos\Space-Shooter-Project\Space-Shooter-Project\Space-Shooter-Project.cpp(192,47): error C2374: 'enemies_spawned_count': redefinition; multiple initialization
      C:\Users\PC\source\repos\Space-Shooter-Project\Space-Shooter-Project\Space-Shooter-Project.cpp(85,46):
      see declaration of 'enemies_spawned_count'
  
C:\Users\PC\source\repos\Space-Shooter-Project\Space-Shooter-Project\Space-Shooter-Project.cpp(192,47): error C2086: 'int enemies_spawned_count': redefinition
      C:\Users\PC\source\repos\Space-Shooter-Project\Space-Shooter-Project\Space-Shooter-Project.cpp(85,46):
      see declaration of 'enemies_spawned_count'
  
C:\Users\PC\source\repos\Space-Shooter-Project\Space-Shooter-Project\Space-Shooter-Project.cpp(193,6): error C2374: 'current_game_state': redefinition; multiple initialization
      C:\Users\PC\source\repos\Space-Shooter-Project\Space-Shooter-Project\Space-Shooter-Project.cpp(86,5):
      see declaration of 'current_game_state'
  
C:\Users\PC\source\repos\Space-Shooter-Project\Space-Shooter-Project\Space-Shooter-Project.cpp(193,6): error C2086: 'int current_game_state': redefinition
      C:\Users\PC\source\repos\Space-Shooter-Project\Space-Shooter-Project\Space-Shooter-Project.cpp(86,5):
      see declaration of 'current_game_state'
  
C:\Users\PC\source\repos\Space-Shooter-Project\Space-Shooter-Project\Space-Shooter-Project.cpp(193,40): error C2374: 'menu_selection': redefinition; multiple initialization
      C:\Users\PC\source\repos\Space-Shooter-Project\Space-Shooter-Project\Space-Shooter-Project.cpp(86,39):
      see declaration of 'menu_selection'
  
C:\Users\PC\source\repos\Space-Shooter-Project\Space-Shooter-Project\Space-Shooter-Project.cpp(193,40): error C2086: 'int menu_selection': redefinition
      C:\Users\PC\source\repos\Space-Shooter-Project\Space-Shooter-Project\Space-Shooter-Project.cpp(86,39):
      see declaration of 'menu_selection'
  
C:\Users\PC\source\repos\Space-Shooter-Project\Space-Shooter-Project\Space-Shooter-Project.cpp(194,8): error C2374: 'fadeAlpha': redefinition; multiple initialization
      C:\Users\PC\source\repos\Space-Shooter-Project\Space-Shooter-Project\Space-Shooter-Project.cpp(87,7):
      see declaration of 'fadeAlpha'
  
C:\Users\PC\source\repos\Space-Shooter-Project\Space-Shooter-Project\Space-Shooter-Project.cpp(194,8): error C2086: 'float fadeAlpha': redefinition
      C:\Users\PC\source\repos\Space-Shooter-Project\Space-Shooter-Project\Space-Shooter-Project.cpp(87,7):
      see declaration of 'fadeAlpha'
  
C:\Users\PC\source\repos\Space-Shooter-Project\Space-Shooter-Project\Space-Shooter-Project.cpp(195,7): error C2374: 'isFading_out': redefinition; multiple initialization
      C:\Users\PC\source\repos\Space-Shooter-Project\Space-Shooter-Project\Space-Shooter-Project.cpp(88,6):
      see declaration of 'isFading_out'
  
C:\Users\PC\source\repos\Space-Shooter-Project\Space-Shooter-Project\Space-Shooter-Project.cpp(195,7): error C2086: 'bool isFading_out': redefinition
      C:\Users\PC\source\repos\Space-Shooter-Project\Space-Shooter-Project\Space-Shooter-Project.cpp(88,6):
      see declaration of 'isFading_out'
  
C:\Users\PC\source\repos\Space-Shooter-Project\Space-Shooter-Project\Space-Shooter-Project.cpp(196,6): error C2374: 'pendingTransition': redefinition; multiple initialization
      C:\Users\PC\source\repos\Space-Shooter-Project\Space-Shooter-Project\Space-Shooter-Project.cpp(89,5):
      see declaration of 'pendingTransition'
  
C:\Users\PC\source\repos\Space-Shooter-Project\Space-Shooter-Project\Space-Shooter-Project.cpp(196,6): error C2086: 'int pendingTransition': redefinition
      C:\Users\PC\source\repos\Space-Shooter-Project\Space-Shooter-Project\Space-Shooter-Project.cpp(89,5):
      see declaration of 'pendingTransition'
  
C:\Users\PC\source\repos\Space-Shooter-Project\Space-Shooter-Project\Space-Shooter-Project.cpp(198,7): error C2079: 'stars' uses undefined struct 'star'
C:\Users\PC\source\repos\Space-Shooter-Project\Space-Shooter-Project\Space-Shooter-Project.cpp(198,7): error C2040: 'stars': '<error type>' differs in levels of indirection from 'star [200]'
C:\Users\PC\source\repos\Space-Shooter-Project\Space-Shooter-Project\Space-Shooter-Project.cpp(199,12): error C2086: 'Texture2D playerTexture': redefinition
      C:\Users\PC\source\repos\Space-Shooter-Project\Space-Shooter-Project\Space-Shooter-Project.cpp(94,11):
      see declaration of 'playerTexture'
  
C:\Users\PC\source\repos\Space-Shooter-Project\Space-Shooter-Project\Space-Shooter-Project.cpp(199,27): error C2086: 'Texture2D enemyTexture': redefinition
      C:\Users\PC\source\repos\Space-Shooter-Project\Space-Shooter-Project\Space-Shooter-Project.cpp(94,26):
      see declaration of 'enemyTexture'
  
C:\Users\PC\source\repos\Space-Shooter-Project\Space-Shooter-Project\Space-Shooter-Project.cpp(199,41): error C2086: 'Texture2D laserTexture': redefinition
      C:\Users\PC\source\repos\Space-Shooter-Project\Space-Shooter-Project\Space-Shooter-Project.cpp(94,40):
      see declaration of 'laserTexture'
  
C:\Users\PC\source\repos\Space-Shooter-Project\Space-Shooter-Project\Space-Shooter-Project.cpp(199,55): error C2086: 'Texture2D explosionTexture': redefinition
      C:\Users\PC\source\repos\Space-Shooter-Project\Space-Shooter-Project\Space-Shooter-Project.cpp(94,54):
      see declaration of 'explosionTexture'
  
C:\Users\PC\source\repos\Space-Shooter-Project\Space-Shooter-Project\Space-Shooter-Project.cpp(199,73): error C2086: 'Texture2D assistTexture': redefinition
      C:\Users\PC\source\repos\Space-Shooter-Project\Space-Shooter-Project\Space-Shooter-Project.cpp(94,72):
      see declaration of 'assistTexture'
  
C:\Users\PC\source\repos\Space-Shooter-Project\Space-Shooter-Project\Space-Shooter-Project.cpp(200,3): error C2086: 'Texture2D bossTexture': redefinition
      C:\Users\PC\source\repos\Space-Shooter-Project\Space-Shooter-Project\Space-Shooter-Project.cpp(95,1):
      see declaration of 'bossTexture'
  
C:\Users\PC\source\repos\Space-Shooter-Project\Space-Shooter-Project\Space-Shooter-Project.cpp(200,3): error C1003: error count exceeds 100; stopping compilation
